<?xml version="1.0" encoding="UTF-8"?>
<!-- Generated by org.testng.reporters.JUnitReportReporter -->
<testsuite skipped="0" hostname="DELL-PC" name="com.w2a.testcase.JumiaTest" tests="1" failures="0" timestamp="04 Mar 2020 09:16:27 GMT" time="11.247" errors="0">
  <testcase name="ValidLogin" time="11.247" classname="com.w2a.testcase.JumiaTest"/>
</testsuite> <!-- com.w2a.testcase.JumiaTest -->
