<?xml version="1.0" encoding="UTF-8"?>
<!-- Generated by org.testng.reporters.JUnitReportReporter -->
<testsuite skipped="0" hostname="LAPTOP-O34HEO2R" name="com.w2a.testcase.LoginTest" tests="1" failures="0" timestamp="29 Feb 2020 13:19:18 GMT" time="41.592" errors="0">
  <testcase name="validLogin" time="41.592" classname="com.w2a.testcase.LoginTest"/>
</testsuite> <!-- com.w2a.testcase.LoginTest -->
