<?xml version="1.0" encoding="UTF-8"?>
<!-- Generated by org.testng.reporters.JUnitReportReporter -->
<testsuite skipped="0" hostname="LENOVOG50" name="com.w2a.testcase.SearchTest" tests="1" failures="0" timestamp="06 Mar 2020 22:22:13 GMT" time="8.511" errors="0">
  <testcase name="KongaSearch" time="8.511" classname="com.w2a.testcase.SearchTest"/>
</testsuite> <!-- com.w2a.testcase.SearchTest -->
